
<class 'pandas.core.frame.DataFrame'>
RangeIndex: 2002 entries, 0 to 2001
Data columns (total 3 columns):
 #   Column    Non-Null Count  Dtype 
---  ------    --------------  ----- 
 0   file      2002 non-null   object
 1   category  2002 non-null   object
 2   state     2002 non-null   int64 
dtypes: int64(1), object(2)
memory usage: 47.0+ KB

starting training, this will take a moment...
Epoch [1/30], Loss: 9.40427208
Epoch [2/30], Loss: 7.99429369
Epoch [3/30], Loss: 7.00397539
Epoch [4/30], Loss: 6.25832844
Epoch [5/30], Loss: 3.89195728
Epoch [6/30], Loss: 3.49279499
Epoch [7/30], Loss: 4.27175713
Epoch [8/30], Loss: 2.85860133
Epoch [9/30], Loss: 1.47101736
Epoch [10/30], Loss: 0.64436269
Epoch [11/30], Loss: 0.79204589
Epoch [12/30], Loss: 0.83543068
Epoch [13/30], Loss: 0.50130838
Epoch [14/30], Loss: 0.27356517
Epoch [15/30], Loss: 0.14261276
Epoch [16/30], Loss: 0.53683901
Epoch [17/30], Loss: 0.27428740
Epoch [18/30], Loss: 0.12855288
Epoch [19/30], Loss: 0.02914617
Epoch [20/30], Loss: 0.10759398
Epoch [21/30], Loss: 0.04855068
Epoch [22/30], Loss: 0.28381521
Epoch [23/30], Loss: 0.10879693
Epoch [24/30], Loss: 0.15278739
Epoch [25/30], Loss: 0.43164685
Epoch [26/30], Loss: 0.01832060
Epoch [27/30], Loss: 0.01514203
Epoch [28/30], Loss: 1.39888918
Epoch [29/30], Loss: 0.02305806
Epoch [30/30], Loss: 0.05417491
train_loss_data [9.404272079467773, 7.994293689727783, 7.0039753913879395, 6.258328437805176, 3.8919572830200195, 3.492794990539551, 4.271757125854492, 2.8586013317108154, 1.4710173606872559, 0.6443626880645752, 0.7920458912849426, 0.8354306817054749, 0.5013083815574646, 0.2735651731491089, 0.1426127552986145, 0.5368390083312988, 0.2742874026298523, 0.1285528838634491, 0.029146170243620872, 0.10759397596120834, 0.04855068027973175, 0.2838152050971985, 0.10879693180322647, 0.15278738737106323, 0.43164685368537903, 0.01832060143351555, 0.015142031013965607, 1.398889183998108, 0.023058056831359863, 0.054174911230802536]
Accuracy of the network on the 601 train images: 64.89184692179701 %
metrics {'confusion_matrix': array([[260,  85],
       [ 94, 130]], dtype=int64), 'accuracy_score': 0.64891846921797, 'auc': 0.64891846921797, 'average_precision_score': 0.4936430572460197, 'balanced_accuracy_score': 0.6312359654605644, 'f1_score': 0.6666666666666666, 'fbeta_score': 0.6777893639207508, 'matthews_corrcoef': 0.3022888955935195, 'precision_recall_curve': (array([0.39600666, 0.58299595, 0.4375    , 0.41935484, 0.4       ,
       0.37931034, 0.39285714, 0.37037037, 0.34615385, 0.32      ,
       0.29166667, 0.30434783, 0.31818182, 0.28571429, 0.3       ,
       0.26315789, 0.22222222, 0.17647059, 0.1875    , 0.2       ,
       0.21428571, 0.23076923, 0.16666667, 0.18181818, 0.2       ,
       0.22222222, 0.25      , 0.28571429, 0.16666667, 0.        ,
       0.        , 0.        , 0.        , 0.        , 1.        ]), array([1.        , 0.60504202, 0.05882353, 0.05462185, 0.05042017,
       0.04621849, 0.04621849, 0.04201681, 0.03781513, 0.03361345,
       0.02941176, 0.02941176, 0.02941176, 0.02521008, 0.02521008,
       0.0210084 , 0.01680672, 0.01260504, 0.01260504, 0.01260504,
       0.01260504, 0.01260504, 0.00840336, 0.00840336, 0.00840336,
       0.00840336, 0.00840336, 0.00840336, 0.00420168, 0.        ,
       0.        , 0.        , 0.        , 0.        , 0.        ]), array([  0,   1,  24,  65, 171, 225, 246, 264, 353, 355, 428, 436, 456,
       462, 463, 494, 506, 514, 543, 562, 604, 636, 641, 656, 664, 677,
       684, 710, 747, 764, 773, 840, 861, 898], dtype=int64)), 'precision_score': 0.6854130052724078, 'recall_score': 0.64891846921797, 'top_k_accuracy_score': 1.0}
