
<class 'pandas.core.frame.DataFrame'>
RangeIndex: 2002 entries, 0 to 2001
Data columns (total 3 columns):
 #   Column    Non-Null Count  Dtype 
---  ------    --------------  ----- 
 0   file      2002 non-null   object
 1   category  2002 non-null   object
 2   state     2002 non-null   int64 
dtypes: int64(1), object(2)
memory usage: 47.0+ KB

starting training, this will take a moment...
Epoch [1/10], Loss: 7.97016478
Epoch [2/10], Loss: 7.17125130
Epoch [3/10], Loss: 6.01885605
Epoch [4/10], Loss: 4.98242378
Epoch [5/10], Loss: 3.93670297
Epoch [6/10], Loss: 3.91417360
Epoch [7/10], Loss: 2.40584064
Epoch [8/10], Loss: 1.30634928
Epoch [9/10], Loss: 0.55771059
Epoch [10/10], Loss: 0.26465362
train_loss_data [7.970164775848389, 7.17125129699707, 6.018856048583984, 4.982423782348633, 3.9367029666900635, 3.9141736030578613, 2.4058406352996826, 1.306349277496338, 0.557710587978363, 0.26465362310409546]
Accuracy of the network on the 601 train images: 73.71048252911814 %
metrics {'confusion_matrix': array([[305,  77],
       [ 66, 138]], dtype=int64), 'accuracy_score': 0.7371048252911814, 'auc': 0.7371048252911814, 'average_precision_score': 0.5214864616441699, 'balanced_accuracy_score': 0.7203891708967851, 'f1_score': 0.7464195450716091, 'fbeta_score': 0.7521222410865875, 'matthews_corrcoef': 0.44431425376338446, 'precision_recall_curve': (array([0.34442596, 0.61304348, 0.2       , 0.21428571, 0.23076923,
       0.25      , 0.27272727, 0.2       , 0.11111111, 0.125     ,
       0.14285714, 0.        , 0.        , 0.        , 0.        ,
       0.        , 1.        ]), array([1.        , 0.68115942, 0.01449275, 0.01449275, 0.01449275,
       0.01449275, 0.01449275, 0.00966184, 0.00483092, 0.00483092,
       0.00483092, 0.        , 0.        , 0.        , 0.        ,
       0.        , 0.        ]), array([  0,   1, 125, 198, 306, 442, 447, 463, 494, 655, 677, 733, 772,
       827, 832, 898], dtype=int64)), 'precision_score': 0.7559726962457338, 'recall_score': 0.7371048252911814, 'top_k_accuracy_score': 1.0}
