
<class 'pandas.core.frame.DataFrame'>
RangeIndex: 2002 entries, 0 to 2001
Data columns (total 3 columns):
 #   Column    Non-Null Count  Dtype 
---  ------    --------------  ----- 
 0   file      2002 non-null   object
 1   category  2002 non-null   object
 2   state     2002 non-null   int64 
dtypes: int64(1), object(2)
memory usage: 47.0+ KB

starting training, this will take a moment...
Epoch [1/10], Loss: 9.62617207
Epoch [2/10], Loss: 8.65486526
Epoch [3/10], Loss: 6.66139078
Epoch [4/10], Loss: 6.88220024
Epoch [5/10], Loss: 5.54241800
Epoch [6/10], Loss: 4.46392250
Epoch [7/10], Loss: 3.03972936
Epoch [8/10], Loss: 2.97840309
Epoch [9/10], Loss: 1.27931261
Epoch [10/10], Loss: 1.50924075
train_loss_data [9.626172065734863, 8.654865264892578, 6.661390781402588, 6.882200241088867, 5.542418003082275, 4.463922500610352, 3.039729356765747, 2.978403091430664, 1.2793126106262207, 1.509240746498108]
Accuracy of the network on the 601 train images: 53.577371048252914 %
metrics {'confusion_matrix': array([[238,  51],
       [ 46,  84]], dtype=int64), 'accuracy_score': 0.5357737104825291, 'auc': 0.5357737104825291, 'average_precision_score': 0.41111922685724894, 'balanced_accuracy_score': 0.5077524249886918, 'f1_score': 0.6313725490196078, 'fbeta_score': 0.707070707070707, 'matthews_corrcoef': 0.25555026996542307, 'precision_recall_curve': (array([0.32778702, 0.47634069, 0.36813187, 0.37016575, 0.36871508,
       0.37078652, 0.375     , 0.37931034, 0.38150289, 0.38372093,
       0.38011696, 0.38235294, 0.37869822, 0.38095238, 0.37724551,
       0.37951807, 0.38181818, 0.37804878, 0.3803681 , 0.37654321,
       0.37267081, 0.36875   , 0.36477987, 0.36708861, 0.36942675,
       0.37179487, 0.37419355, 0.37012987, 0.37254902, 0.375     ,
       0.37086093, 0.37333333, 0.36912752, 0.37162162, 0.37414966,
       0.37671233, 0.37931034, 0.38194444, 0.38461538, 0.38028169,
       0.37588652, 0.37857143, 0.38129496, 0.37956204, 0.38235294,
       0.38518519, 0.38345865, 0.37692308, 0.37209302, 0.37301587,
       0.36363636, 0.36666667, 0.3697479 , 0.37288136, 0.37606838,
       0.37068966, 0.36521739, 0.35964912, 0.36283186, 0.36607143,
       0.36936937, 0.36363636, 0.36697248, 0.37037037, 0.37383178,
       0.37142857, 0.375     , 0.36893204, 0.37254902, 0.36      ,
       0.36363636, 0.35714286, 0.36082474, 0.36458333, 0.36842105,
       0.37634409, 0.36956522, 0.36263736, 0.36666667, 0.35955056,
       0.35227273, 0.34482759, 0.35294118, 0.3452381 , 0.35365854,
       0.34567901, 0.35      , 0.35897436, 0.35064935, 0.36      ,
       0.36486486, 0.36986301, 0.375     , 0.38028169, 0.37142857,
       0.36231884, 0.36764706, 0.35820896, 0.36363636, 0.34375   ,
       0.33333333, 0.33870968, 0.33333333, 0.34482759, 0.35087719,
       0.35714286, 0.36363636, 0.38461538, 0.4       , 0.40816327,
       0.39583333, 0.4       , 0.38636364, 0.35714286, 0.36585366,
       0.375     , 0.36842105, 0.37837838, 0.36111111, 0.38235294,
       0.38709677, 0.4       , 0.4137931 , 0.42857143, 0.42307692,
       0.4       , 0.375     , 0.38095238, 0.35      , 0.38888889,
       0.35294118, 0.375     , 0.4       , 0.35714286, 0.38461538,
       0.33333333, 0.27272727, 0.33333333, 0.42857143, 0.33333333,
       0.4       , 0.25      , 0.33333333, 0.5       , 1.        ,
       1.        ]), array([1.        , 0.76649746, 0.34010152, 0.34010152, 0.33502538,
       0.33502538, 0.33502538, 0.33502538, 0.33502538, 0.33502538,
       0.32994924, 0.32994924, 0.3248731 , 0.3248731 , 0.31979695,
       0.31979695, 0.31979695, 0.31472081, 0.31472081, 0.30964467,
       0.30456853, 0.29949239, 0.29441624, 0.29441624, 0.29441624,
       0.29441624, 0.29441624, 0.2893401 , 0.2893401 , 0.2893401 ,
       0.28426396, 0.28426396, 0.27918782, 0.27918782, 0.27918782,
       0.27918782, 0.27918782, 0.27918782, 0.27918782, 0.27411168,
       0.26903553, 0.26903553, 0.26903553, 0.26395939, 0.26395939,
       0.26395939, 0.25888325, 0.24873096, 0.24365482, 0.23857868,
       0.22335025, 0.22335025, 0.22335025, 0.22335025, 0.22335025,
       0.21827411, 0.21319797, 0.20812183, 0.20812183, 0.20812183,
       0.20812183, 0.20304569, 0.20304569, 0.20304569, 0.20304569,
       0.19796954, 0.19796954, 0.1928934 , 0.1928934 , 0.18274112,
       0.18274112, 0.17766497, 0.17766497, 0.17766497, 0.17766497,
       0.17766497, 0.17258883, 0.16751269, 0.16751269, 0.16243655,
       0.15736041, 0.15228426, 0.15228426, 0.14720812, 0.14720812,
       0.14213198, 0.14213198, 0.14213198, 0.13705584, 0.13705584,
       0.13705584, 0.13705584, 0.13705584, 0.13705584, 0.1319797 ,
       0.12690355, 0.12690355, 0.12182741, 0.12182741, 0.11167513,
       0.10659898, 0.10659898, 0.10152284, 0.10152284, 0.10152284,
       0.10152284, 0.10152284, 0.10152284, 0.10152284, 0.10152284,
       0.0964467 , 0.09137056, 0.08629442, 0.07614213, 0.07614213,
       0.07614213, 0.07106599, 0.07106599, 0.06598985, 0.06598985,
       0.06091371, 0.06091371, 0.06091371, 0.06091371, 0.05583756,
       0.05076142, 0.04568528, 0.04060914, 0.03553299, 0.03553299,
       0.03045685, 0.03045685, 0.03045685, 0.02538071, 0.02538071,
       0.02030457, 0.01522843, 0.01522843, 0.01522843, 0.01015228,
       0.01015228, 0.00507614, 0.00507614, 0.00507614, 0.00507614,
       0.        ]), array([  0,   1,   9,  10,  14,  17,  34,  36,  41,  45,  50,  56,  61,
        71,  77,  99, 102, 107, 110, 114, 117, 120, 123, 128, 172, 195,
       210, 218, 225, 237, 254, 305, 306, 311, 314, 317, 354, 357, 374,
       380, 399, 405, 417, 432, 437, 439, 440, 443, 447, 448, 459, 462,
       463, 475, 488, 489, 490, 491, 494, 496, 497, 502, 505, 506, 519,
       522, 523, 546, 552, 560, 566, 571, 579, 584, 588, 599, 604, 611,
       613, 629, 634, 636, 637, 644, 650, 656, 674, 675, 676, 695, 699,
       700, 704, 715, 722, 725, 728, 744, 747, 748, 749, 756, 758, 767,
       770, 773, 774, 778, 782, 784, 787, 789, 790, 791, 798, 804, 807,
       821, 828, 832, 835, 836, 846, 852, 855, 857, 862, 870, 872, 877,
       879, 882, 886, 887, 889, 890, 896, 898, 917, 921, 945, 953, 971,
       989, 998], dtype=int64)), 'precision_score': 0.7684964200477327, 'recall_score': 0.5357737104825291, 'top_k_accuracy_score': 1.0}
