
<class 'pandas.core.frame.DataFrame'>
RangeIndex: 2002 entries, 0 to 2001
Data columns (total 3 columns):
 #   Column    Non-Null Count  Dtype 
---  ------    --------------  ----- 
 0   file      2002 non-null   object
 1   category  2002 non-null   object
 2   state     2002 non-null   int64 
dtypes: int64(1), object(2)
memory usage: 47.0+ KB

starting training, this will take a moment...
Epoch [1/10], Loss: 7.83578491
Epoch [2/10], Loss: 6.34931898
Epoch [3/10], Loss: 5.28098869
Epoch [4/10], Loss: 3.71665740
Epoch [5/10], Loss: 1.88410425
Epoch [6/10], Loss: 1.50559080
Epoch [7/10], Loss: 1.30738688
Epoch [8/10], Loss: 0.69329429
Epoch [9/10], Loss: 0.72384316
Epoch [10/10], Loss: 1.01770198
train_loss_data [7.835784912109375, 6.349318981170654, 5.280988693237305, 3.7166574001312256, 1.8841042518615723, 1.505590796470642, 1.307386875152588, 0.6932942867279053, 0.7238431572914124, 1.0177019834518433]
Accuracy of the network on the 601 train images: 78.53577371048253 %
metrics {'confusion_matrix': array([[316,  42],
       [ 77, 156]]), 'accuracy_score': 0.7853577371048253, 'auc': 0.7853577371048253, 'average_precision_score': 0.6318591165720949, 'balanced_accuracy_score': 0.7638510445049954, 'f1_score': 0.7919463087248322, 'fbeta_score': 0.7959527824620574, 'matthews_corrcoef': 0.5488886175339963, 'precision_recall_curve': (array([0.38935108, 0.75480769, 0.1       , 0.125     , 0.        ,
       0.        , 0.        , 0.        , 0.        , 0.        ,
       1.        ]), array([1.        , 0.67094017, 0.0042735 , 0.0042735 , 0.        ,
       0.        , 0.        , 0.        , 0.        , 0.        ,
       0.        ]), array([  0,   1, 463, 515, 541, 587, 600, 643, 674, 898])), 'precision_score': 0.7986463620981388, 'recall_score': 0.7853577371048253, 'top_k_accuracy_score': 1.0}
