
<class 'pandas.core.frame.DataFrame'>
RangeIndex: 2002 entries, 0 to 2001
Data columns (total 3 columns):
 #   Column    Non-Null Count  Dtype 
---  ------    --------------  ----- 
 0   file      2002 non-null   object
 1   category  2002 non-null   object
 2   state     2002 non-null   int64 
dtypes: int64(1), object(2)
memory usage: 47.0+ KB

Accuracy of the network on the 601 train images: 77.53743760399334 %
metrics {'confusion_matrix': array([[312,  18],
       [ 39, 154]], dtype=int64), 'accuracy_score': 0.7753743760399334, 'auc': 0.7753743760399334, 'average_precision_score': 0.6470764044591312, 'balanced_accuracy_score': 0.7567079646017698, 'f1_score': 0.8291814946619217, 'fbeta_score': 0.8652060898626066, 'matthews_corrcoef': 0.5830951754236464, 'precision_recall_curve': (array([0.37603993, 0.748     , 0.42307692, 0.42857143, 0.42105263,
       0.42666667, 0.42465753, 0.43055556, 0.43661972, 0.44285714,
       0.43478261, 0.42647059, 0.43283582, 0.42424242, 0.41538462,
       0.421875  , 0.41269841, 0.41935484, 0.40983607, 0.40677966,
       0.39655172, 0.40350877, 0.41071429, 0.41818182, 0.42592593,
       0.43396226, 0.44230769, 0.45098039, 0.46      , 0.46938776,
       0.47916667, 0.4893617 , 0.5       , 0.51111111, 0.5       ,
       0.48837209, 0.48780488, 0.48717949, 0.5       , 0.48648649,
       0.5       , 0.51428571, 0.52941176, 0.54545455, 0.5483871 ,
       0.53333333, 0.51724138, 0.48148148, 0.5       , 0.48      ,
       0.5       , 0.52173913, 0.5       , 0.52380952, 0.5       ,
       0.47368421, 0.4375    , 0.4       , 0.42857143, 0.5       ,
       0.45454545, 0.4       , 0.44444444, 0.5       , 0.42857143,
       0.5       , 0.6       , 0.5       , 0.33333333, 0.5       ,
       1.        , 1.        ]), array([1.        , 0.82743363, 0.1460177 , 0.1460177 , 0.14159292,
       0.14159292, 0.13716814, 0.13716814, 0.13716814, 0.13716814,
       0.13274336, 0.12831858, 0.12831858, 0.12389381, 0.11946903,
       0.11946903, 0.11504425, 0.11504425, 0.11061947, 0.10619469,
       0.10176991, 0.10176991, 0.10176991, 0.10176991, 0.10176991,
       0.10176991, 0.10176991, 0.10176991, 0.10176991, 0.10176991,
       0.10176991, 0.10176991, 0.10176991, 0.10176991, 0.09734513,
       0.09292035, 0.08849558, 0.0840708 , 0.0840708 , 0.07964602,
       0.07964602, 0.07964602, 0.07964602, 0.07964602, 0.07522124,
       0.07079646, 0.06637168, 0.05752212, 0.05752212, 0.05309735,
       0.05309735, 0.05309735, 0.04867257, 0.04867257, 0.04424779,
       0.03982301, 0.03097345, 0.02654867, 0.02654867, 0.02654867,
       0.02212389, 0.01769912, 0.01769912, 0.01769912, 0.01327434,
       0.01327434, 0.01327434, 0.00884956, 0.00442478, 0.00442478,
       0.00442478, 0.        ]), array([  0,   1,  29,  42,  80, 126, 208, 247, 354, 400, 410, 420, 421,
       425, 427, 428, 433, 447, 448, 458, 463, 464, 475, 483, 486, 494,
       501, 505, 518, 541, 555, 580, 584, 594, 618, 636, 664, 684, 723,
       746, 747, 748, 750, 772, 788, 804, 807, 813, 832, 833, 835, 836,
       839, 840, 845, 852, 858, 886, 898, 900, 904, 912, 914, 919, 920,
       929, 957, 960, 977, 996, 998], dtype=int64)), 'precision_score': 0.8910133843212237, 'recall_score': 0.7753743760399334, 'top_k_accuracy_score': 1.0}
